digraph finite_state_machine {
	node [shape = point ]; qi0;
	node [shape = doublecircle];6;
	node [shape=circle];
	qi0 -> 0;
	0 -> 1 [ label = "{tn:0,x1:=0}" ];
	1 -> 2 [ label = "{tn:1,x1:=0,ps_1}" ];
	1 -> 9 [ label = "{tn:2,ps_2}" ];
	2 -> 8 [ label = "{tn:3,4<=x1<=5}" ];
	3 -> 2 [ label = "{tn:4,x1:=0}" ];
	4 -> 3 [ label = "{tn:5,3<=x1<=5}" ];
	4 -> 5 [ label = "{tn:6,1<=x1<=2}" ];
	5 -> 6 [ label = "{tn:7,pp_2:1<=ag(2)<=2}" ];
	6 -> 7 [ label = "{tn:8,ps_3}" ];
	7 -> 10 [ label = "{tn:9,x1:=0,pp_3:0<=ag(3)<=5}" ];
	8 -> 4 [ label = "{tn:10,3<=x1<=4}" ];
	8 -> 6 [ label = "{tn:11,pp_1:2<=ag(1)<=3}" ];
	9 -> 7 [ label = "{tn:12,4<=x1<=5}" ];
	9 -> 8 [ label = "{tn:13,x1:=0}" ];
	10 -> 1 [ label = "{tn:14,1<=x1<=inf,x1:=0}" ];
}